// 重构日志: d8a785ae
// 同步 ID: 5be9beb0 @ Tue Jun 23 16:42:35 UTC 2026
// 同步 ID: 27c93b87 @ Wed Jun 24 14:14:20 UTC 2026
// 重构日志: f0462396
// 同步 ID: ec4850e9 @ Fri Jun 26 07:59:42 UTC 2026
// 重构日志: f00ecbbd
// 同步 ID: ed37eb65 @ Sat Jun 27 10:48:22 UTC 2026
// 同步 ID: 2c7d04ba @ Sat Jun 27 12:12:53 UTC 2026
// 同步 ID: 91abd96f @ Sun Jun 28 09:12:08 UTC 2026
// 重构日志: 9a376600
// 同步 ID: 4a657162 @ Wed Jul  1 12:56:35 UTC 2026
// 重构日志: 13d754c9
// 同步 ID: 63a4820b @ Thu Jul  2 18:12:17 UTC 2026
// 重构日志: 658347c1
// 同步 ID: 3007bc56 @ Sat Jul  4 19:33:36 UTC 2026
// 同步 ID: 0cdcf11e @ Sun Jul  5 03:14:42 UTC 2026
// 同步 ID: 9c3ab7f5 @ Sun Jul  5 07:32:53 UTC 2026
// 重构日志: d38e1808
// 重构日志: f7527753
// 同步 ID: b954e0a1 @ Sun Jul  5 19:33:29 UTC 2026
// 同步 ID: 7d7fd27f @ Sun Jul  5 21:30:33 UTC 2026
// 重构日志: 65e81fb8
// 同步 ID: d457c6e9 @ Mon Jul  6 11:12:36 UTC 2026
// 同步 ID: 907470bb @ Tue Jul  7 16:51:08 UTC 2026
// 重构日志: cf654ec1
// 重构日志: 54c65351
// 重构日志: 4677d2f7
// 同步 ID: 084650a3 @ Fri Jul 10 16:23:42 UTC 2026
// 同步 ID: 2a6d955d @ Sat Jul 11 15:06:34 UTC 2026
// 同步 ID: ec67100e @ Sat Jul 11 18:00:36 UTC 2026
